<?xml version="1.0" encoding="UTF-8"?>
<robot generator="Robot 7.1.1 (Python 3.12.1 on win32)" generated="2025-07-17T02:06:27.123588" rpa="false" schemaversion="5">
<suite id="s1" name="289F3847-2C2E-42F9-8459-10F8547B61Dd" source="C:\Users\anonu\OneDrive\Documents\robot-runner-app\uploads\289f3847-2c2e-42f9-8459-10f8547b61dd.robot">
<kw name="Open Application Page" type="SETUP">
<kw name="Open Browser" owner="SeleniumLibrary">
<msg time="2025-07-17T02:06:27.527118" level="INFO">Opening browser 'Chrome' to base url 'https://robot-runner-app.onrender.com/form'.</msg>
<arg>${URL}</arg>
<arg>${BROWSER}</arg>
<doc>Opens a new browser instance to the optional ``url``.</doc>
<status status="PASS" start="2025-07-17T02:06:27.527118" elapsed="5.357102"/>
</kw>
<kw name="Maximize Browser Window" owner="SeleniumLibrary">
<doc>Maximizes current browser window.</doc>
<status status="PASS" start="2025-07-17T02:06:32.885492" elapsed="0.049046"/>
</kw>
<status status="PASS" start="2025-07-17T02:06:27.526097" elapsed="5.408441"/>
</kw>
<test id="s1-t1" name="Medium Execution Time with Delay" line="21">
<kw name="Go To" owner="SeleniumLibrary">
<msg time="2025-07-17T02:06:32.934538" level="INFO">Opening url 'https://robot-runner-app.onrender.com/form'</msg>
<arg>${URL}</arg>
<doc>Navigates the current browser window to the provided ``url``.</doc>
<status status="PASS" start="2025-07-17T02:06:32.934538" elapsed="0.190361"/>
</kw>
<kw name="Sleep" owner="BuiltIn">
<msg time="2025-07-17T02:06:36.125669" level="INFO">Slept 3 seconds.</msg>
<arg>3s</arg>
<doc>Pauses the test executed for the given time.</doc>
<status status="PASS" start="2025-07-17T02:06:33.124899" elapsed="3.000770"/>
</kw>
<kw name="Click Button" owner="SeleniumLibrary">
<msg time="2025-07-17T02:06:36.126729" level="INFO">Clicking button 'id=btnProceed'.</msg>
<arg>id=btnProceed</arg>
<doc>Clicks the button identified by ``locator``.</doc>
<status status="PASS" start="2025-07-17T02:06:36.125669" elapsed="0.087019"/>
</kw>
<kw name="Execute Javascript" owner="SeleniumLibrary">
<msg time="2025-07-17T02:06:36.213198" level="INFO">Executing JavaScript:
document.getElementById('startTime').value = Date.now()
Without any arguments.</msg>
<arg>document.getElementById('startTime').value = Date.now()</arg>
<doc>Executes the given JavaScript code with possible arguments.</doc>
<status status="PASS" start="2025-07-17T02:06:36.212688" elapsed="0.005458"/>
</kw>
<kw name="Wait Until Element Is Visible" owner="SeleniumLibrary">
<arg>id=applicationForm</arg>
<arg>timeout=10s</arg>
<doc>Waits until the element ``locator`` is visible.</doc>
<status status="PASS" start="2025-07-17T02:06:36.218146" elapsed="0.019108"/>
</kw>
<kw name="Sleep" owner="BuiltIn">
<msg time="2025-07-17T02:06:39.238956" level="INFO">Slept 3 seconds.</msg>
<arg>3s</arg>
<doc>Pauses the test executed for the given time.</doc>
<status status="PASS" start="2025-07-17T02:06:36.238540" elapsed="3.000416"/>
</kw>
<kw name="Input Text" owner="SeleniumLibrary">
<msg time="2025-07-17T02:06:39.240073" level="INFO">Typing text 'Julia' into text field 'id=firstName'.</msg>
<arg>id=firstName</arg>
<arg>${FIRST_NAME}</arg>
<doc>Types the given ``text`` into the text field identified by ``locator``.</doc>
<status status="PASS" start="2025-07-17T02:06:39.238956" elapsed="0.101479"/>
</kw>
<kw name="Sleep" owner="BuiltIn">
<msg time="2025-07-17T02:06:42.341818" level="INFO">Slept 3 seconds.</msg>
<arg>3s</arg>
<doc>Pauses the test executed for the given time.</doc>
<status status="PASS" start="2025-07-17T02:06:39.341454" elapsed="3.000364"/>
</kw>
<kw name="Input Text" owner="SeleniumLibrary">
<msg time="2025-07-17T02:06:42.342826" level="INFO">Typing text 'SnailOps' into text field 'id=lastName'.</msg>
<arg>id=lastName</arg>
<arg>${LAST_NAME}</arg>
<doc>Types the given ``text`` into the text field identified by ``locator``.</doc>
<status status="PASS" start="2025-07-17T02:06:42.341818" elapsed="0.079717"/>
</kw>
<kw name="Sleep" owner="BuiltIn">
<msg time="2025-07-17T02:06:45.421766" level="INFO">Slept 3 seconds.</msg>
<arg>3s</arg>
<doc>Pauses the test executed for the given time.</doc>
<status status="PASS" start="2025-07-17T02:06:42.421535" elapsed="3.000231"/>
</kw>
<kw name="Input Text" owner="SeleniumLibrary">
<msg time="2025-07-17T02:06:45.423310" level="INFO">Typing text 'med_execution@gmail.com' into text field 'id=email'.</msg>
<arg>id=email</arg>
<arg>${EMAIL}</arg>
<doc>Types the given ``text`` into the text field identified by ``locator``.</doc>
<status status="PASS" start="2025-07-17T02:06:45.421766" elapsed="0.099949"/>
</kw>
<kw name="Sleep" owner="BuiltIn">
<msg time="2025-07-17T02:06:48.522069" level="INFO">Slept 3 seconds.</msg>
<arg>3s</arg>
<doc>Pauses the test executed for the given time.</doc>
<status status="PASS" start="2025-07-17T02:06:45.521715" elapsed="3.000354"/>
</kw>
<kw name="Input Text" owner="SeleniumLibrary">
<msg time="2025-07-17T02:06:48.523235" level="INFO">Typing text '09170000003' into text field 'id=phone'.</msg>
<arg>id=phone</arg>
<arg>${PHONE}</arg>
<doc>Types the given ``text`` into the text field identified by ``locator``.</doc>
<status status="PASS" start="2025-07-17T02:06:48.522069" elapsed="0.065420"/>
</kw>
<kw name="Input Text" owner="SeleniumLibrary">
<msg time="2025-07-17T02:06:48.588493" level="INFO">Typing text 'SnailPace999' into text field 'id=password'.</msg>
<arg>id=password</arg>
<arg>${PASSWORD}</arg>
<doc>Types the given ``text`` into the text field identified by ``locator``.</doc>
<status status="PASS" start="2025-07-17T02:06:48.587489" elapsed="0.053800"/>
</kw>
<kw name="Select From List By Label" owner="SeleniumLibrary">
<msg time="2025-07-17T02:06:48.641289" level="INFO">Selecting options from selection list 'id=position' by label Project Manager.</msg>
<arg>id=position</arg>
<arg>${POSITION}</arg>
<doc>Selects options from selection list ``locator`` by ``labels``.</doc>
<status status="PASS" start="2025-07-17T02:06:48.641289" elapsed="0.046278"/>
</kw>
<kw name="Choose File" owner="SeleniumLibrary">
<msg time="2025-07-17T02:06:48.687567" level="INFO">Sending C:\Users\anonu\OneDrive\Documents\robot-runner-app\cinema-tix.pdf to browser.</msg>
<msg time="2025-07-17T02:06:48.791293" level="INFO" html="true">&lt;/td&gt;&lt;/tr&gt;&lt;tr&gt;&lt;td colspan="3"&gt;&lt;a href="selenium-screenshot-1.png"&gt;&lt;img src="selenium-screenshot-1.png" width="800px"&gt;&lt;/a&gt;</msg>
<msg time="2025-07-17T02:06:48.791293" level="FAIL">InvalidArgumentException: Message: invalid argument: File not found : C:\Users\anonu\OneDrive\Documents\robot-runner-app/cinema-tix.pdf
  (Session info: chrome=138.0.7204.101)
Stacktrace:
	GetHandleVerifier [0x0x7ff6f5cfe925+77845]
	GetHandleVerifier [0x0x7ff6f5cfe980+77936]
	(No symbol) [0x0x7ff6f5ab9cda]
	(No symbol) [0x0x7ff6f5b0807f]
	(No symbol) [0x0x7ff6f5b388ca]
	(No symbol) [0x0x7ff6f5b02f76]
	(No symbol) [0x0x7ff6f5b38ae0]
	(No symbol) [0x0x7ff6f5b60b07]
	(No symbol) [0x0x7ff6f5b386a3]
	(No symbol) [0x0x7ff6f5b01791]
	(No symbol) [0x0x7ff6f5b02523]
	GetHandleVerifier [0x0x7ff6f5fd683d+3059501]
	GetHandleVerifier [0x0x7ff6f5fd0bfd+3035885]
	GetHandleVerifier [0x0x7ff6f5ff03f0+3164896]
	GetHandleVerifier [0x0x7ff6f5d18c2e+185118]
	GetHandleVerifier [0x0x7ff6f5d2053f+216111]
	GetHandleVerifier [0x0x7ff6f5d072d4+113092]
	GetHandleVerifier [0x0x7ff6f5d07489+113529]
	GetHandleVerifier [0x0x7ff6f5cee288+10616]
	BaseThreadInitThunk [0x0x7ffa9d68e8d7+23]
	RtlUserThreadStart [0x0x7ffa9e6dc34c+44]
</msg>
<arg>id=resume</arg>
<arg>${RESUME_FILE}</arg>
<doc>Inputs the ``file_path`` into the file input field ``locator``.</doc>
<status status="FAIL" start="2025-07-17T02:06:48.687567" elapsed="0.108777">InvalidArgumentException: Message: invalid argument: File not found : C:\Users\anonu\OneDrive\Documents\robot-runner-app/cinema-tix.pdf
  (Session info: chrome=138.0.7204.101)
Stacktrace:
	GetHandleVerifier [0x0x7ff6f5cfe925+77845]
	GetHandleVerifier [0x0x7ff6f5cfe980+77936]
	(No symbol) [0x0x7ff6f5ab9cda]
	(No symbol) [0x0x7ff6f5b0807f]
	(No symbol) [0x0x7ff6f5b388ca]
	(No symbol) [0x0x7ff6f5b02f76]
	(No symbol) [0x0x7ff6f5b38ae0]
	(No symbol) [0x0x7ff6f5b60b07]
	(No symbol) [0x0x7ff6f5b386a3]
	(No symbol) [0x0x7ff6f5b01791]
	(No symbol) [0x0x7ff6f5b02523]
	GetHandleVerifier [0x0x7ff6f5fd683d+3059501]
	GetHandleVerifier [0x0x7ff6f5fd0bfd+3035885]
	GetHandleVerifier [0x0x7ff6f5ff03f0+3164896]
	GetHandleVerifier [0x0x7ff6f5d18c2e+185118]
	GetHandleVerifier [0x0x7ff6f5d2053f+216111]
	GetHandleVerifier [0x0x7ff6f5d072d4+113092]
	GetHandleVerifier [0x0x7ff6f5d07489+113529]
	GetHandleVerifier [0x0x7ff6f5cee288+10616]
	BaseThreadInitThunk [0x0x7ffa9d68e8d7+23]
	RtlUserThreadStart [0x0x7ffa9e6dc34c+44]
</status>
</kw>
<kw name="Click Button" owner="SeleniumLibrary">
<arg>Submit Application</arg>
<doc>Clicks the button identified by ``locator``.</doc>
<status status="NOT RUN" start="2025-07-17T02:06:48.796344" elapsed="0.000000"/>
</kw>
<kw name="Wait Until Page Contains Element" owner="SeleniumLibrary">
<arg>id=successModal</arg>
<arg>timeout=10s</arg>
<doc>Waits until the element ``locator`` appears on the current page.</doc>
<status status="NOT RUN" start="2025-07-17T02:06:48.796344" elapsed="0.000000"/>
</kw>
<kw name="Sleep" owner="BuiltIn">
<arg>1s</arg>
<doc>Pauses the test executed for the given time.</doc>
<status status="NOT RUN" start="2025-07-17T02:06:48.796344" elapsed="0.000000"/>
</kw>
<kw name="Click Button" owner="SeleniumLibrary">
<arg>Continue</arg>
<doc>Clicks the button identified by ``locator``.</doc>
<status status="NOT RUN" start="2025-07-17T02:06:48.796344" elapsed="0.000000"/>
</kw>
<kw name="Wait Until Page Contains" owner="SeleniumLibrary">
<arg>Congratulations</arg>
<arg>timeout=10s</arg>
<doc>Waits until ``text`` appears on the current page.</doc>
<status status="NOT RUN" start="2025-07-17T02:06:48.796344" elapsed="0.000000"/>
</kw>
<status status="FAIL" start="2025-07-17T02:06:32.934538" elapsed="15.861806">InvalidArgumentException: Message: invalid argument: File not found : C:\Users\anonu\OneDrive\Documents\robot-runner-app/cinema-tix.pdf
  (Session info: chrome=138.0.7204.101)
Stacktrace:
	GetHandleVerifier [0x0x7ff6f5cfe925+77845]
	GetHandleVerifier [0x0x7ff6f5cfe980+77936]
	(No symbol) [0x0x7ff6f5ab9cda]
	(No symbol) [0x0x7ff6f5b0807f]
	(No symbol) [0x0x7ff6f5b388ca]
	(No symbol) [0x0x7ff6f5b02f76]
	(No symbol) [0x0x7ff6f5b38ae0]
	(No symbol) [0x0x7ff6f5b60b07]
	(No symbol) [0x0x7ff6f5b386a3]
	(No symbol) [0x0x7ff6f5b01791]
	(No symbol) [0x0x7ff6f5b02523]
	GetHandleVerifier [0x0x7ff6f5fd683d+3059501]
	GetHandleVerifier [0x0x7ff6f5fd0bfd+3035885]
	GetHandleVerifier [0x0x7ff6f5ff03f0+3164896]
	GetHandleVerifier [0x0x7ff6f5d18c2e+185118]
	GetHandleVerifier [0x0x7ff6f5d2053f+216111]
	GetHandleVerifier [0x0x7ff6f5d072d4+113092]
	GetHandleVerifier [0x0x7ff6f5d07489+113529]
	GetHandleVerifier [0x0x7ff6f5cee288+10616]
	BaseThreadInitThunk [0x0x7ffa9d68e8d7+23]
	RtlUserThreadStart [0x0x7ffa9e6dc34c+44]
</status>
</test>
<kw name="Close Browser" owner="SeleniumLibrary" type="TEARDOWN">
<doc>Closes the current browser.</doc>
<status status="PASS" start="2025-07-17T02:06:48.797610" elapsed="2.238519"/>
</kw>
<status status="FAIL" start="2025-07-17T02:06:27.125101" elapsed="23.911028"/>
</suite>
<statistics>
<total>
<stat pass="0" fail="1" skip="0">All Tests</stat>
</total>
<tag>
</tag>
<suite>
<stat pass="0" fail="1" skip="0" id="s1" name="289F3847-2C2E-42F9-8459-10F8547B61Dd">289F3847-2C2E-42F9-8459-10F8547B61Dd</stat>
</suite>
</statistics>
<errors>
</errors>
</robot>
