<?xml version="1.0" encoding="UTF-8"?>
<robot generator="Robot 7.1.1 (Python 3.12.1 on win32)" generated="2025-07-17T02:10:36.845944" rpa="false" schemaversion="5">
<suite id="s1" name="627E9Ba8-8C06-4502-B412-5Efdca1A0494" source="C:\Users\anonu\OneDrive\Documents\robot-runner-app\uploads\627e9ba8-8c06-4502-b412-5efdca1a0494.robot">
<kw name="Open Application Page" type="SETUP">
<kw name="Open Browser" owner="SeleniumLibrary">
<msg time="2025-07-17T02:10:37.237211" level="INFO">Opening browser 'Chrome' to base url 'https://robot-runner-app.onrender.com/form'.</msg>
<arg>${URL}</arg>
<arg>${BROWSER}</arg>
<doc>Opens a new browser instance to the optional ``url``.</doc>
<status status="PASS" start="2025-07-17T02:10:37.235704" elapsed="2.153155"/>
</kw>
<kw name="Maximize Browser Window" owner="SeleniumLibrary">
<doc>Maximizes current browser window.</doc>
<status status="PASS" start="2025-07-17T02:10:39.388859" elapsed="0.033310"/>
</kw>
<status status="PASS" start="2025-07-17T02:10:37.234706" elapsed="2.188462"/>
</kw>
<test id="s1-t1" name="Medium Execution Time with Delay" line="21">
<kw name="Go To" owner="SeleniumLibrary">
<msg time="2025-07-17T02:10:39.424168" level="INFO">Opening url 'https://robot-runner-app.onrender.com/form'</msg>
<arg>${URL}</arg>
<doc>Navigates the current browser window to the provided ``url``.</doc>
<status status="PASS" start="2025-07-17T02:10:39.424168" elapsed="0.227052"/>
</kw>
<kw name="Sleep" owner="BuiltIn">
<msg time="2025-07-17T02:10:42.652909" level="INFO">Slept 3 seconds.</msg>
<arg>3s</arg>
<doc>Pauses the test executed for the given time.</doc>
<status status="PASS" start="2025-07-17T02:10:39.651220" elapsed="3.001689"/>
</kw>
<kw name="Click Button" owner="SeleniumLibrary">
<msg time="2025-07-17T02:10:42.653957" level="INFO">Clicking button 'id=btnProceed'.</msg>
<arg>id=btnProceed</arg>
<doc>Clicks the button identified by ``locator``.</doc>
<status status="PASS" start="2025-07-17T02:10:42.652909" elapsed="0.110066"/>
</kw>
<kw name="Execute Javascript" owner="SeleniumLibrary">
<msg time="2025-07-17T02:10:42.764140" level="INFO">Executing JavaScript:
document.getElementById('startTime').value = Date.now()
Without any arguments.</msg>
<arg>document.getElementById('startTime').value = Date.now()</arg>
<doc>Executes the given JavaScript code with possible arguments.</doc>
<status status="PASS" start="2025-07-17T02:10:42.762975" elapsed="0.008633"/>
</kw>
<kw name="Wait Until Element Is Visible" owner="SeleniumLibrary">
<arg>id=applicationForm</arg>
<arg>timeout=10s</arg>
<doc>Waits until the element ``locator`` is visible.</doc>
<status status="PASS" start="2025-07-17T02:10:42.772645" elapsed="0.020771"/>
</kw>
<kw name="Sleep" owner="BuiltIn">
<msg time="2025-07-17T02:10:45.798123" level="INFO">Slept 3 seconds.</msg>
<arg>3s</arg>
<doc>Pauses the test executed for the given time.</doc>
<status status="PASS" start="2025-07-17T02:10:42.794544" elapsed="3.003579"/>
</kw>
<kw name="Input Text" owner="SeleniumLibrary">
<msg time="2025-07-17T02:10:45.799145" level="INFO">Typing text 'Julia' into text field 'id=firstName'.</msg>
<arg>id=firstName</arg>
<arg>${FIRST_NAME}</arg>
<doc>Types the given ``text`` into the text field identified by ``locator``.</doc>
<status status="PASS" start="2025-07-17T02:10:45.799145" elapsed="0.231171"/>
</kw>
<kw name="Sleep" owner="BuiltIn">
<msg time="2025-07-17T02:10:49.032633" level="INFO">Slept 3 seconds.</msg>
<arg>3s</arg>
<doc>Pauses the test executed for the given time.</doc>
<status status="PASS" start="2025-07-17T02:10:46.031346" elapsed="3.001287"/>
</kw>
<kw name="Input Text" owner="SeleniumLibrary">
<msg time="2025-07-17T02:10:49.036653" level="INFO">Typing text 'SnailOps' into text field 'id=lastName'.</msg>
<arg>id=lastName</arg>
<arg>${LAST_NAME}</arg>
<doc>Types the given ``text`` into the text field identified by ``locator``.</doc>
<status status="PASS" start="2025-07-17T02:10:49.034390" elapsed="0.131893"/>
</kw>
<kw name="Sleep" owner="BuiltIn">
<msg time="2025-07-17T02:10:52.167923" level="INFO">Slept 3 seconds.</msg>
<arg>3s</arg>
<doc>Pauses the test executed for the given time.</doc>
<status status="PASS" start="2025-07-17T02:10:49.167402" elapsed="3.000521"/>
</kw>
<kw name="Input Text" owner="SeleniumLibrary">
<msg time="2025-07-17T02:10:52.168941" level="INFO">Typing text 'med_execution@gmail.com' into text field 'id=email'.</msg>
<arg>id=email</arg>
<arg>${EMAIL}</arg>
<doc>Types the given ``text`` into the text field identified by ``locator``.</doc>
<status status="PASS" start="2025-07-17T02:10:52.167923" elapsed="0.236196"/>
</kw>
<kw name="Sleep" owner="BuiltIn">
<msg time="2025-07-17T02:10:55.406407" level="INFO">Slept 3 seconds.</msg>
<arg>3s</arg>
<doc>Pauses the test executed for the given time.</doc>
<status status="PASS" start="2025-07-17T02:10:52.405286" elapsed="3.001628"/>
</kw>
<kw name="Input Text" owner="SeleniumLibrary">
<msg time="2025-07-17T02:10:55.407919" level="INFO">Typing text '09170000003' into text field 'id=phone'.</msg>
<arg>id=phone</arg>
<arg>${PHONE}</arg>
<doc>Types the given ``text`` into the text field identified by ``locator``.</doc>
<status status="PASS" start="2025-07-17T02:10:55.406914" elapsed="0.188377"/>
</kw>
<kw name="Input Text" owner="SeleniumLibrary">
<msg time="2025-07-17T02:10:55.596316" level="INFO">Typing text 'SnailPace999' into text field 'id=password'.</msg>
<arg>id=password</arg>
<arg>${PASSWORD}</arg>
<doc>Types the given ``text`` into the text field identified by ``locator``.</doc>
<status status="PASS" start="2025-07-17T02:10:55.595291" elapsed="0.130278"/>
</kw>
<kw name="Select From List By Label" owner="SeleniumLibrary">
<msg time="2025-07-17T02:10:55.726960" level="INFO">Selecting options from selection list 'id=position' by label Project Manager.</msg>
<arg>id=position</arg>
<arg>${POSITION}</arg>
<doc>Selects options from selection list ``locator`` by ``labels``.</doc>
<status status="PASS" start="2025-07-17T02:10:55.726960" elapsed="0.136369"/>
</kw>
<kw name="Choose File" owner="SeleniumLibrary">
<msg time="2025-07-17T02:10:55.864502" level="INFO">Sending C:\Users\anonu\OneDrive\Documents\robot-runner-app\UsersanonuOneDriveDesktopscriptscinema-tix.pdf to browser.</msg>
<msg time="2025-07-17T02:10:56.002675" level="INFO" html="true">&lt;/td&gt;&lt;/tr&gt;&lt;tr&gt;&lt;td colspan="3"&gt;&lt;a href="selenium-screenshot-3.png"&gt;&lt;img src="selenium-screenshot-3.png" width="800px"&gt;&lt;/a&gt;</msg>
<msg time="2025-07-17T02:10:56.002675" level="FAIL">InvalidArgumentException: Message: invalid argument: File not found : C:UsersanonuOneDriveDesktopscriptscinema-tix.pdf
  (Session info: chrome=138.0.7204.101)
Stacktrace:
	GetHandleVerifier [0x0x7ff77311e925+77845]
	GetHandleVerifier [0x0x7ff77311e980+77936]
	(No symbol) [0x0x7ff772ed9cda]
	(No symbol) [0x0x7ff772f2807f]
	(No symbol) [0x0x7ff772f588ca]
	(No symbol) [0x0x7ff772f22f76]
	(No symbol) [0x0x7ff772f58ae0]
	(No symbol) [0x0x7ff772f80b07]
	(No symbol) [0x0x7ff772f586a3]
	(No symbol) [0x0x7ff772f21791]
	(No symbol) [0x0x7ff772f22523]
	GetHandleVerifier [0x0x7ff7733f683d+3059501]
	GetHandleVerifier [0x0x7ff7733f0bfd+3035885]
	GetHandleVerifier [0x0x7ff7734103f0+3164896]
	GetHandleVerifier [0x0x7ff773138c2e+185118]
	GetHandleVerifier [0x0x7ff77314053f+216111]
	GetHandleVerifier [0x0x7ff7731272d4+113092]
	GetHandleVerifier [0x0x7ff773127489+113529]
	GetHandleVerifier [0x0x7ff77310e288+10616]
	BaseThreadInitThunk [0x0x7ffa9d68e8d7+23]
	RtlUserThreadStart [0x0x7ffa9e6dc34c+44]
</msg>
<arg>id=resume</arg>
<arg>${RESUME_FILE}</arg>
<doc>Inputs the ``file_path`` into the file input field ``locator``.</doc>
<status status="FAIL" start="2025-07-17T02:10:55.864502" elapsed="0.153762">InvalidArgumentException: Message: invalid argument: File not found : C:UsersanonuOneDriveDesktopscriptscinema-tix.pdf
  (Session info: chrome=138.0.7204.101)
Stacktrace:
	GetHandleVerifier [0x0x7ff77311e925+77845]
	GetHandleVerifier [0x0x7ff77311e980+77936]
	(No symbol) [0x0x7ff772ed9cda]
	(No symbol) [0x0x7ff772f2807f]
	(No symbol) [0x0x7ff772f588ca]
	(No symbol) [0x0x7ff772f22f76]
	(No symbol) [0x0x7ff772f58ae0]
	(No symbol) [0x0x7ff772f80b07]
	(No symbol) [0x0x7ff772f586a3]
	(No symbol) [0x0x7ff772f21791]
	(No symbol) [0x0x7ff772f22523]
	GetHandleVerifier [0x0x7ff7733f683d+3059501]
	GetHandleVerifier [0x0x7ff7733f0bfd+3035885]
	GetHandleVerifier [0x0x7ff7734103f0+3164896]
	GetHandleVerifier [0x0x7ff773138c2e+185118]
	GetHandleVerifier [0x0x7ff77314053f+216111]
	GetHandleVerifier [0x0x7ff7731272d4+113092]
	GetHandleVerifier [0x0x7ff773127489+113529]
	GetHandleVerifier [0x0x7ff77310e288+10616]
	BaseThreadInitThunk [0x0x7ffa9d68e8d7+23]
	RtlUserThreadStart [0x0x7ffa9e6dc34c+44]
</status>
</kw>
<kw name="Click Button" owner="SeleniumLibrary">
<arg>Submit Application</arg>
<doc>Clicks the button identified by ``locator``.</doc>
<status status="NOT RUN" start="2025-07-17T02:10:56.019726" elapsed="0.000510"/>
</kw>
<kw name="Wait Until Page Contains Element" owner="SeleniumLibrary">
<arg>id=successModal</arg>
<arg>timeout=10s</arg>
<doc>Waits until the element ``locator`` appears on the current page.</doc>
<status status="NOT RUN" start="2025-07-17T02:10:56.020236" elapsed="0.000000"/>
</kw>
<kw name="Sleep" owner="BuiltIn">
<arg>1s</arg>
<doc>Pauses the test executed for the given time.</doc>
<status status="NOT RUN" start="2025-07-17T02:10:56.020236" elapsed="0.000000"/>
</kw>
<kw name="Click Button" owner="SeleniumLibrary">
<arg>Continue</arg>
<doc>Clicks the button identified by ``locator``.</doc>
<status status="NOT RUN" start="2025-07-17T02:10:56.021243" elapsed="0.000000"/>
</kw>
<kw name="Wait Until Page Contains" owner="SeleniumLibrary">
<arg>Congratulations</arg>
<arg>timeout=10s</arg>
<doc>Waits until ``text`` appears on the current page.</doc>
<status status="NOT RUN" start="2025-07-17T02:10:56.021243" elapsed="0.000000"/>
</kw>
<status status="FAIL" start="2025-07-17T02:10:39.423168" elapsed="16.598585">InvalidArgumentException: Message: invalid argument: File not found : C:UsersanonuOneDriveDesktopscriptscinema-tix.pdf
  (Session info: chrome=138.0.7204.101)
Stacktrace:
	GetHandleVerifier [0x0x7ff77311e925+77845]
	GetHandleVerifier [0x0x7ff77311e980+77936]
	(No symbol) [0x0x7ff772ed9cda]
	(No symbol) [0x0x7ff772f2807f]
	(No symbol) [0x0x7ff772f588ca]
	(No symbol) [0x0x7ff772f22f76]
	(No symbol) [0x0x7ff772f58ae0]
	(No symbol) [0x0x7ff772f80b07]
	(No symbol) [0x0x7ff772f586a3]
	(No symbol) [0x0x7ff772f21791]
	(No symbol) [0x0x7ff772f22523]
	GetHandleVerifier [0x0x7ff7733f683d+3059501]
	GetHandleVerifier [0x0x7ff7733f0bfd+3035885]
	GetHandleVerifier [0x0x7ff7734103f0+3164896]
	GetHandleVerifier [0x0x7ff773138c2e+185118]
	GetHandleVerifier [0x0x7ff77314053f+216111]
	GetHandleVerifier [0x0x7ff7731272d4+113092]
	GetHandleVerifier [0x0x7ff773127489+113529]
	GetHandleVerifier [0x0x7ff77310e288+10616]
	BaseThreadInitThunk [0x0x7ffa9d68e8d7+23]
	RtlUserThreadStart [0x0x7ffa9e6dc34c+44]
</status>
</test>
<kw name="Close Browser" owner="SeleniumLibrary" type="TEARDOWN">
<doc>Closes the current browser.</doc>
<status status="PASS" start="2025-07-17T02:10:56.023000" elapsed="3.080982"/>
</kw>
<status status="FAIL" start="2025-07-17T02:10:36.849045" elapsed="22.254937"/>
</suite>
<statistics>
<total>
<stat pass="0" fail="1" skip="0">All Tests</stat>
</total>
<tag>
</tag>
<suite>
<stat pass="0" fail="1" skip="0" id="s1" name="627E9Ba8-8C06-4502-B412-5Efdca1A0494">627E9Ba8-8C06-4502-B412-5Efdca1A0494</stat>
</suite>
</statistics>
<errors>
</errors>
</robot>
