<?xml version="1.0" encoding="UTF-8"?>
<robot generator="Robot 7.1.1 (Python 3.12.1 on win32)" generated="2025-07-17T02:13:28.312481" rpa="false" schemaversion="5">
<suite id="s1" name="E6704D3B-14A8-4C6E-B4Ac-Ea98C3Efb543" source="C:\Users\anonu\OneDrive\Documents\robot-runner-app\uploads\e6704d3b-14a8-4c6e-b4ac-ea98c3efb543.robot">
<kw name="Open Application Page" type="SETUP">
<kw name="Open Browser" owner="SeleniumLibrary">
<msg time="2025-07-17T02:13:28.695575" level="INFO">Opening browser 'Chrome' to base url 'https://robot-runner-app.onrender.com/form'.</msg>
<arg>${URL}</arg>
<arg>${BROWSER}</arg>
<doc>Opens a new browser instance to the optional ``url``.</doc>
<status status="PASS" start="2025-07-17T02:13:28.695575" elapsed="6.549152"/>
</kw>
<kw name="Maximize Browser Window" owner="SeleniumLibrary">
<doc>Maximizes current browser window.</doc>
<status status="PASS" start="2025-07-17T02:13:35.245995" elapsed="0.052240"/>
</kw>
<status status="PASS" start="2025-07-17T02:13:28.694576" elapsed="6.604712"/>
</kw>
<test id="s1-t1" name="Medium Execution Time with Delay" line="21">
<kw name="Go To" owner="SeleniumLibrary">
<msg time="2025-07-17T02:13:35.302720" level="INFO">Opening url 'https://robot-runner-app.onrender.com/form'</msg>
<arg>${URL}</arg>
<doc>Navigates the current browser window to the provided ``url``.</doc>
<status status="PASS" start="2025-07-17T02:13:35.302337" elapsed="0.188978"/>
</kw>
<kw name="Sleep" owner="BuiltIn">
<msg time="2025-07-17T02:13:38.492128" level="INFO">Slept 3 seconds.</msg>
<arg>3s</arg>
<doc>Pauses the test executed for the given time.</doc>
<status status="PASS" start="2025-07-17T02:13:35.491315" elapsed="3.000813"/>
</kw>
<kw name="Click Button" owner="SeleniumLibrary">
<msg time="2025-07-17T02:13:38.493644" level="INFO">Clicking button 'id=btnProceed'.</msg>
<arg>id=btnProceed</arg>
<doc>Clicks the button identified by ``locator``.</doc>
<status status="PASS" start="2025-07-17T02:13:38.492637" elapsed="0.122754"/>
</kw>
<kw name="Execute Javascript" owner="SeleniumLibrary">
<msg time="2025-07-17T02:13:38.617407" level="INFO">Executing JavaScript:
document.getElementById('startTime').value = Date.now()
Without any arguments.</msg>
<arg>document.getElementById('startTime').value = Date.now()</arg>
<doc>Executes the given JavaScript code with possible arguments.</doc>
<status status="PASS" start="2025-07-17T02:13:38.616402" elapsed="0.011047"/>
</kw>
<kw name="Wait Until Element Is Visible" owner="SeleniumLibrary">
<arg>id=applicationForm</arg>
<arg>timeout=10s</arg>
<doc>Waits until the element ``locator`` is visible.</doc>
<status status="PASS" start="2025-07-17T02:13:38.627449" elapsed="0.031735"/>
</kw>
<kw name="Sleep" owner="BuiltIn">
<msg time="2025-07-17T02:13:41.660390" level="INFO">Slept 3 seconds.</msg>
<arg>3s</arg>
<doc>Pauses the test executed for the given time.</doc>
<status status="PASS" start="2025-07-17T02:13:38.659184" elapsed="3.001206"/>
</kw>
<kw name="Input Text" owner="SeleniumLibrary">
<msg time="2025-07-17T02:13:41.662636" level="INFO">Typing text 'Julia' into text field 'id=firstName'.</msg>
<arg>id=firstName</arg>
<arg>${FIRST_NAME}</arg>
<doc>Types the given ``text`` into the text field identified by ``locator``.</doc>
<status status="PASS" start="2025-07-17T02:13:41.660903" elapsed="0.150026"/>
</kw>
<kw name="Sleep" owner="BuiltIn">
<msg time="2025-07-17T02:13:44.814150" level="INFO">Slept 3 seconds.</msg>
<arg>3s</arg>
<doc>Pauses the test executed for the given time.</doc>
<status status="PASS" start="2025-07-17T02:13:41.811259" elapsed="3.003201"/>
</kw>
<kw name="Input Text" owner="SeleniumLibrary">
<msg time="2025-07-17T02:13:44.815504" level="INFO">Typing text 'SnailOps' into text field 'id=lastName'.</msg>
<arg>id=lastName</arg>
<arg>${LAST_NAME}</arg>
<doc>Types the given ``text`` into the text field identified by ``locator``.</doc>
<status status="PASS" start="2025-07-17T02:13:44.814971" elapsed="0.487254"/>
</kw>
<kw name="Sleep" owner="BuiltIn">
<msg time="2025-07-17T02:13:48.302372" level="INFO">Slept 3 seconds.</msg>
<arg>3s</arg>
<doc>Pauses the test executed for the given time.</doc>
<status status="PASS" start="2025-07-17T02:13:45.302225" elapsed="3.000653"/>
</kw>
<kw name="Input Text" owner="SeleniumLibrary">
<msg time="2025-07-17T02:13:48.303909" level="INFO">Typing text 'med_execution@gmail.com' into text field 'id=email'.</msg>
<arg>id=email</arg>
<arg>${EMAIL}</arg>
<doc>Types the given ``text`` into the text field identified by ``locator``.</doc>
<status status="PASS" start="2025-07-17T02:13:48.302878" elapsed="0.242453"/>
</kw>
<kw name="Sleep" owner="BuiltIn">
<msg time="2025-07-17T02:13:51.546456" level="INFO">Slept 3 seconds.</msg>
<arg>3s</arg>
<doc>Pauses the test executed for the given time.</doc>
<status status="PASS" start="2025-07-17T02:13:48.545849" elapsed="3.001694"/>
</kw>
<kw name="Input Text" owner="SeleniumLibrary">
<msg time="2025-07-17T02:13:51.548742" level="INFO">Typing text '09170000003' into text field 'id=phone'.</msg>
<arg>id=phone</arg>
<arg>${PHONE}</arg>
<doc>Types the given ``text`` into the text field identified by ``locator``.</doc>
<status status="PASS" start="2025-07-17T02:13:51.548742" elapsed="0.135920"/>
</kw>
<kw name="Input Text" owner="SeleniumLibrary">
<msg time="2025-07-17T02:13:51.687206" level="INFO">Typing text 'SnailPace999' into text field 'id=password'.</msg>
<arg>id=password</arg>
<arg>${PASSWORD}</arg>
<doc>Types the given ``text`` into the text field identified by ``locator``.</doc>
<status status="PASS" start="2025-07-17T02:13:51.686173" elapsed="0.112528"/>
</kw>
<kw name="Select From List By Label" owner="SeleniumLibrary">
<msg time="2025-07-17T02:13:51.800036" level="INFO">Selecting options from selection list 'id=position' by label Project Manager.</msg>
<arg>id=position</arg>
<arg>${POSITION}</arg>
<doc>Selects options from selection list ``locator`` by ``labels``.</doc>
<status status="PASS" start="2025-07-17T02:13:51.798701" elapsed="0.129354"/>
</kw>
<kw name="Choose File" owner="SeleniumLibrary">
<msg time="2025-07-17T02:13:51.929063" level="INFO">Sending C:\Users\anonu\OneDrive\Documents\robot-runner-app\UsersanonuOneDriveDesktopscriptscinema-tix.pdf to browser.</msg>
<msg time="2025-07-17T02:13:52.077831" level="INFO" html="true">&lt;/td&gt;&lt;/tr&gt;&lt;tr&gt;&lt;td colspan="3"&gt;&lt;a href="selenium-screenshot-1.png"&gt;&lt;img src="selenium-screenshot-1.png" width="800px"&gt;&lt;/a&gt;</msg>
<msg time="2025-07-17T02:13:52.077831" level="FAIL">InvalidArgumentException: Message: invalid argument: File not found : C:UsersanonuOneDriveDesktopscriptscinema-tix.pdf
  (Session info: chrome=138.0.7204.101)
Stacktrace:
	GetHandleVerifier [0x0x7ff6a1e0e925+77845]
	GetHandleVerifier [0x0x7ff6a1e0e980+77936]
	(No symbol) [0x0x7ff6a1bc9cda]
	(No symbol) [0x0x7ff6a1c1807f]
	(No symbol) [0x0x7ff6a1c488ca]
	(No symbol) [0x0x7ff6a1c12f76]
	(No symbol) [0x0x7ff6a1c48ae0]
	(No symbol) [0x0x7ff6a1c70b07]
	(No symbol) [0x0x7ff6a1c486a3]
	(No symbol) [0x0x7ff6a1c11791]
	(No symbol) [0x0x7ff6a1c12523]
	GetHandleVerifier [0x0x7ff6a20e683d+3059501]
	GetHandleVerifier [0x0x7ff6a20e0bfd+3035885]
	GetHandleVerifier [0x0x7ff6a21003f0+3164896]
	GetHandleVerifier [0x0x7ff6a1e28c2e+185118]
	GetHandleVerifier [0x0x7ff6a1e3053f+216111]
	GetHandleVerifier [0x0x7ff6a1e172d4+113092]
	GetHandleVerifier [0x0x7ff6a1e17489+113529]
	GetHandleVerifier [0x0x7ff6a1dfe288+10616]
	BaseThreadInitThunk [0x0x7ffa9d68e8d7+23]
	RtlUserThreadStart [0x0x7ffa9e6dc34c+44]
</msg>
<arg>id=resume</arg>
<arg>${RESUME_FILE}</arg>
<doc>Inputs the ``file_path`` into the file input field ``locator``.</doc>
<status status="FAIL" start="2025-07-17T02:13:51.929063" elapsed="0.165662">InvalidArgumentException: Message: invalid argument: File not found : C:UsersanonuOneDriveDesktopscriptscinema-tix.pdf
  (Session info: chrome=138.0.7204.101)
Stacktrace:
	GetHandleVerifier [0x0x7ff6a1e0e925+77845]
	GetHandleVerifier [0x0x7ff6a1e0e980+77936]
	(No symbol) [0x0x7ff6a1bc9cda]
	(No symbol) [0x0x7ff6a1c1807f]
	(No symbol) [0x0x7ff6a1c488ca]
	(No symbol) [0x0x7ff6a1c12f76]
	(No symbol) [0x0x7ff6a1c48ae0]
	(No symbol) [0x0x7ff6a1c70b07]
	(No symbol) [0x0x7ff6a1c486a3]
	(No symbol) [0x0x7ff6a1c11791]
	(No symbol) [0x0x7ff6a1c12523]
	GetHandleVerifier [0x0x7ff6a20e683d+3059501]
	GetHandleVerifier [0x0x7ff6a20e0bfd+3035885]
	GetHandleVerifier [0x0x7ff6a21003f0+3164896]
	GetHandleVerifier [0x0x7ff6a1e28c2e+185118]
	GetHandleVerifier [0x0x7ff6a1e3053f+216111]
	GetHandleVerifier [0x0x7ff6a1e172d4+113092]
	GetHandleVerifier [0x0x7ff6a1e17489+113529]
	GetHandleVerifier [0x0x7ff6a1dfe288+10616]
	BaseThreadInitThunk [0x0x7ffa9d68e8d7+23]
	RtlUserThreadStart [0x0x7ffa9e6dc34c+44]
</status>
</kw>
<kw name="Click Button" owner="SeleniumLibrary">
<arg>Submit Application</arg>
<doc>Clicks the button identified by ``locator``.</doc>
<status status="NOT RUN" start="2025-07-17T02:13:52.095741" elapsed="0.001411"/>
</kw>
<kw name="Wait Until Page Contains Element" owner="SeleniumLibrary">
<arg>id=successModal</arg>
<arg>timeout=10s</arg>
<doc>Waits until the element ``locator`` appears on the current page.</doc>
<status status="NOT RUN" start="2025-07-17T02:13:52.097152" elapsed="0.000000"/>
</kw>
<kw name="Sleep" owner="BuiltIn">
<arg>1s</arg>
<doc>Pauses the test executed for the given time.</doc>
<status status="NOT RUN" start="2025-07-17T02:13:52.097152" elapsed="0.000000"/>
</kw>
<kw name="Click Button" owner="SeleniumLibrary">
<arg>Continue</arg>
<doc>Clicks the button identified by ``locator``.</doc>
<status status="NOT RUN" start="2025-07-17T02:13:52.098168" elapsed="0.000000"/>
</kw>
<kw name="Wait Until Page Contains" owner="SeleniumLibrary">
<arg>Congratulations</arg>
<arg>timeout=10s</arg>
<doc>Waits until ``text`` appears on the current page.</doc>
<status status="NOT RUN" start="2025-07-17T02:13:52.098168" elapsed="0.000000"/>
</kw>
<status status="FAIL" start="2025-07-17T02:13:35.299288" elapsed="16.799892">InvalidArgumentException: Message: invalid argument: File not found : C:UsersanonuOneDriveDesktopscriptscinema-tix.pdf
  (Session info: chrome=138.0.7204.101)
Stacktrace:
	GetHandleVerifier [0x0x7ff6a1e0e925+77845]
	GetHandleVerifier [0x0x7ff6a1e0e980+77936]
	(No symbol) [0x0x7ff6a1bc9cda]
	(No symbol) [0x0x7ff6a1c1807f]
	(No symbol) [0x0x7ff6a1c488ca]
	(No symbol) [0x0x7ff6a1c12f76]
	(No symbol) [0x0x7ff6a1c48ae0]
	(No symbol) [0x0x7ff6a1c70b07]
	(No symbol) [0x0x7ff6a1c486a3]
	(No symbol) [0x0x7ff6a1c11791]
	(No symbol) [0x0x7ff6a1c12523]
	GetHandleVerifier [0x0x7ff6a20e683d+3059501]
	GetHandleVerifier [0x0x7ff6a20e0bfd+3035885]
	GetHandleVerifier [0x0x7ff6a21003f0+3164896]
	GetHandleVerifier [0x0x7ff6a1e28c2e+185118]
	GetHandleVerifier [0x0x7ff6a1e3053f+216111]
	GetHandleVerifier [0x0x7ff6a1e172d4+113092]
	GetHandleVerifier [0x0x7ff6a1e17489+113529]
	GetHandleVerifier [0x0x7ff6a1dfe288+10616]
	BaseThreadInitThunk [0x0x7ffa9d68e8d7+23]
	RtlUserThreadStart [0x0x7ffa9e6dc34c+44]
</status>
</test>
<kw name="Close Browser" owner="SeleniumLibrary" type="TEARDOWN">
<doc>Closes the current browser.</doc>
<status status="PASS" start="2025-07-17T02:13:52.102348" elapsed="4.582882"/>
</kw>
<status status="FAIL" start="2025-07-17T02:13:28.313492" elapsed="28.372252"/>
</suite>
<statistics>
<total>
<stat pass="0" fail="1" skip="0">All Tests</stat>
</total>
<tag>
</tag>
<suite>
<stat pass="0" fail="1" skip="0" id="s1" name="E6704D3B-14A8-4C6E-B4Ac-Ea98C3Efb543">E6704D3B-14A8-4C6E-B4Ac-Ea98C3Efb543</stat>
</suite>
</statistics>
<errors>
</errors>
</robot>
